<?xml version="1.0" encoding="UTF-8"?>
<testng-results total="1" passed="1" failed="0" skipped="0">
  <reporter-output>
    <line>
      <![CDATA[running test1]]>
    </line>
  </reporter-output>
  <suite started-at="2020-03-01T11:44:04Z" name="Default suite" finished-at="2020-03-01T11:44:04Z" duration-ms="40">
    <groups>
    </groups>
    <test started-at="2020-03-01T11:44:04Z" name="Default test" finished-at="2020-03-01T11:44:04Z" duration-ms="40">
      <class name="test1">
        <test-method signature="setup()[pri:0, instance:test1@258e2e41]" started-at="2020-03-01T17:14:04Z" name="setup" finished-at="2020-03-01T17:14:04Z" duration-ms="15" status="PASS">
          <reporter-output>
            <line>
              <![CDATA[running test1]]>
            </line>
          </reporter-output>
        </test-method> <!-- setup -->
      </class> <!-- test1 -->
    </test> <!-- Default test -->
  </suite> <!-- Default suite -->
</testng-results>
